<?xml version="1.0" encoding="UTF-8"?>
<!-- Generated by org.testng.reporters.JUnitReportReporter -->
<testsuite hostname="VijayaSachinLaptop" name="MyRunner.MyRunner" tests="1" failures="0" timestamp="4 Apr 2020 12:44:55 GMT" time="31.921" errors="0">
  <testcase name="feature" time="31.921" classname="MyRunner.MyRunner"/>
</testsuite> <!-- MyRunner.MyRunner -->
